<?xml version="1.0" encoding="UTF-8"?>
<!-- Generated by org.testng.reporters.JUnitReportReporter -->
<testsuite hostname="AA-PC" name="framework_testng.Method_priority" tests="3" failures="0" timestamp="15 May 2019 07:37:42 GMT" time="0.062" errors="0">
  <testcase name="a" time="0.000" classname="framework_testng.Method_priority"/>
  <testcase name="f" time="0.062" classname="framework_testng.Method_priority"/>
  <testcase name="x" time="0.000" classname="framework_testng.Method_priority"/>
</testsuite> <!-- framework_testng.Method_priority -->
