<?xml version="1.0" encoding="UTF-8"?>
<!-- Generated by org.testng.reporters.JUnitReportReporter -->
<testsuite hostname="AA-PC" name="framework_testng.DP.InputData" tests="3" failures="0" timestamp="17 May 2019 06:47:08 GMT" time="0.046" errors="0">
  <testcase name="userinfo" time="0.015" classname="framework_testng.DP.InputData"/>
  <testcase name="userinfo" time="0.000" classname="framework_testng.DP.InputData"/>
  <testcase name="userinfo" time="0.031" classname="framework_testng.DP.InputData"/>
</testsuite> <!-- framework_testng.DP.InputData -->
