<?xml version="1.0" encoding="UTF-8"?>
<!-- Generated by org.testng.reporters.JUnitReportReporter -->
<testsuite hostname="AA-PC" name="framework_testng.BeforeClass_And_AfterClass" tests="3" failures="0" timestamp="15 May 2019 07:05:26 GMT" time="0.016" errors="0">
  <testcase name="tcoo2" time="0.000" classname="framework_testng.BeforeClass_And_AfterClass"/>
  <testcase name="tcoo1" time="0.016" classname="framework_testng.BeforeClass_And_AfterClass"/>
  <testcase name="tcoo3" time="0.000" classname="framework_testng.BeforeClass_And_AfterClass"/>
</testsuite> <!-- framework_testng.BeforeClass_And_AfterClass -->
