<?xml version="1.0" encoding="UTF-8"?>
<!-- Generated by org.testng.reporters.JUnitReportReporter -->
<testsuite hostname="AA-PC" name="framework_testng.Testng_WebDriver_Testcase" tests="4" failures="0" timestamp="15 May 2019 07:23:11 GMT" time="29.223" errors="0">
  <testcase name="verify_Games_link" time="7.089" classname="framework_testng.Testng_WebDriver_Testcase"/>
  <testcase name="verify_Messenger_link" time="10.257" classname="framework_testng.Testng_WebDriver_Testcase"/>
  <testcase name="verify_Signin_link" time="5.362" classname="framework_testng.Testng_WebDriver_Testcase"/>
  <testcase name="verify_signup_link" time="6.515" classname="framework_testng.Testng_WebDriver_Testcase"/>
</testsuite> <!-- framework_testng.Testng_WebDriver_Testcase -->
