<?xml version="1.0" encoding="UTF-8"?>
<!-- Generated by org.testng.reporters.JUnitReportReporter -->
<testsuite hostname="AA-PC" name="framework_testng.DP.Get_Dataprovider_From_DiffClass" tests="3" failures="0" timestamp="17 May 2019 06:59:31 GMT" time="0.016" errors="0">
  <testcase name="getData" time="0.000" classname="framework_testng.DP.Get_Dataprovider_From_DiffClass"/>
  <testcase name="getData" time="0.016" classname="framework_testng.DP.Get_Dataprovider_From_DiffClass"/>
  <testcase name="getData" time="0.000" classname="framework_testng.DP.Get_Dataprovider_From_DiffClass"/>
</testsuite> <!-- framework_testng.DP.Get_Dataprovider_From_DiffClass -->
