<?xml version="1.0" encoding="UTF-8"?>
<!-- Generated by org.testng.reporters.JUnitReportReporter -->
<testsuite hostname="AA-PC" name="framework_testng.Method_Ignore" tests="1" failures="0" timestamp="15 May 2019 07:43:57 GMT" time="0.016" errors="0">
  <testcase name="tc001" time="0.016" classname="framework_testng.Method_Ignore"/>
</testsuite> <!-- framework_testng.Method_Ignore -->
