<?xml version="1.0" encoding="UTF-8"?>
<!-- Generated by org.testng.reporters.JUnitReportReporter -->
<testsuite hostname="AA-PC" name="framework_testng.Testng_test" tests="1" failures="0" timestamp="15 May 2019 06:58:34 GMT" time="0.047" errors="0">
  <testcase name="tcoo3" time="0.047" classname="framework_testng.Testng_test"/>
</testsuite> <!-- framework_testng.Testng_test -->
