<?xml version="1.0" encoding="UTF-8"?>
<!-- Generated by org.testng.reporters.JUnitReportReporter -->
<testsuite hostname="AA-PC" name="framework_testng.Run_Keywords.Run_Keywords" tests="4" failures="0" timestamp="15 May 2019 07:34:02 GMT" time="17.463" errors="0">
  <testcase name="verify_signup_link" time="3.403" classname="framework_testng.Run_Keywords.Run_Keywords"/>
  <testcase name="verify_Games_link" time="3.687" classname="framework_testng.Run_Keywords.Run_Keywords"/>
  <testcase name="verify_Messenger_link" time="5.621" classname="framework_testng.Run_Keywords.Run_Keywords"/>
  <testcase name="verify_Signin_link" time="4.752" classname="framework_testng.Run_Keywords.Run_Keywords"/>
</testsuite> <!-- framework_testng.Run_Keywords.Run_Keywords -->
