<?xml version="1.0" encoding="UTF-8"?>
<!-- Generated by org.testng.reporters.JUnitReportReporter -->
<testsuite hostname="AA-PC" name="framework_testng.Invocation_Count" tests="12" failures="0" timestamp="16 May 2019 06:33:11 GMT" time="3.737" errors="0">
  <testcase name="test1" time="0.151" classname="framework_testng.Invocation_Count"/>
  <testcase name="test1" time="0.156" classname="framework_testng.Invocation_Count"/>
  <testcase name="test1" time="0.147" classname="framework_testng.Invocation_Count"/>
  <testcase name="test1" time="0.166" classname="framework_testng.Invocation_Count"/>
  <testcase name="test1" time="0.629" classname="framework_testng.Invocation_Count"/>
  <testcase name="test1" time="0.157" classname="framework_testng.Invocation_Count"/>
  <testcase name="test1" time="0.163" classname="framework_testng.Invocation_Count"/>
  <testcase name="test1" time="0.143" classname="framework_testng.Invocation_Count"/>
  <testcase name="test1" time="0.238" classname="framework_testng.Invocation_Count"/>
  <testcase name="test1" time="0.141" classname="framework_testng.Invocation_Count"/>
  <testcase name="test1" time="1.488" classname="framework_testng.Invocation_Count"/>
  <testcase name="test1" time="0.158" classname="framework_testng.Invocation_Count"/>
</testsuite> <!-- framework_testng.Invocation_Count -->
