<?xml version="1.0" encoding="UTF-8"?>
<!-- Generated by org.testng.reporters.JUnitReportReporter -->
<testsuite hostname="AA-PC" name="framework_testng.TestSuite.Class1" tests="1" failures="0" timestamp="16 May 2019 07:00:44 GMT" time="0.015" errors="0">
  <testcase name="tc001" time="0.015" classname="framework_testng.TestSuite.Class1"/>
</testsuite> <!-- framework_testng.TestSuite.Class1 -->
