<?xml version="1.0" encoding="UTF-8"?>
<!-- Generated by org.testng.reporters.JUnitReportReporter -->
<testsuite hostname="AA-PC" name="framework_testng.DP.DataProvider_With_Excel_Intergration" tests="2" failures="0" timestamp="17 May 2019 07:13:02 GMT" time="0.000" errors="0">
  <testcase name="Verify_Operator" time="0.000" classname="framework_testng.DP.DataProvider_With_Excel_Intergration"/>
  <testcase name="Verify_Operator" time="0.000" classname="framework_testng.DP.DataProvider_With_Excel_Intergration"/>
</testsuite> <!-- framework_testng.DP.DataProvider_With_Excel_Intergration -->
